ERROR 23:26:05,226 [Smack Packet Reader (0)] (XMPPConnectionService.java:104) XMPP connection error: 
javax.net.ssl.SSLException: Connection reset
	at java.base/sun.security.ssl.Alert.createSSLException(Alert.java:127)
	at java.base/sun.security.ssl.TransportContext.fatal(TransportContext.java:320)
	at java.base/sun.security.ssl.TransportContext.fatal(TransportContext.java:263)
	at java.base/sun.security.ssl.TransportContext.fatal(TransportContext.java:258)
	at java.base/sun.security.ssl.SSLSocketImpl.handleException(SSLSocketImpl.java:1342)
	at java.base/sun.security.ssl.SSLSocketImpl$AppInputStream.read(SSLSocketImpl.java:844)
	at java.base/sun.nio.cs.StreamDecoder.readBytes(StreamDecoder.java:284)
	at java.base/sun.nio.cs.StreamDecoder.implRead(StreamDecoder.java:326)
	at java.base/sun.nio.cs.StreamDecoder.read(StreamDecoder.java:178)
	at java.base/java.io.InputStreamReader.read(InputStreamReader.java:185)
	at java.base/java.io.BufferedReader.fill(BufferedReader.java:161)
	at java.base/java.io.BufferedReader.read1(BufferedReader.java:212)
	at java.base/java.io.BufferedReader.read(BufferedReader.java:287)
	at org.xmlpull.mxp1.MXParser.fillBuf(MXParser.java:2992)
	at org.xmlpull.mxp1.MXParser.more(MXParser.java:3046)
	at org.xmlpull.mxp1.MXParser.nextImpl(MXParser.java:1144)
	at org.xmlpull.mxp1.MXParser.next(MXParser.java:1093)
	at org.jivesoftware.smack.PacketReader.parsePackets(PacketReader.java:312)
	at org.jivesoftware.smack.PacketReader.access$000(PacketReader.java:48)
	at org.jivesoftware.smack.PacketReader$1.run(PacketReader.java:76)
	Suppressed: java.net.SocketException: Connection reset by peer: socket write error
		at java.base/java.net.SocketOutputStream.socketWrite0(Native Method)
		at java.base/java.net.SocketOutputStream.socketWrite(SocketOutputStream.java:110)
		at java.base/java.net.SocketOutputStream.write(SocketOutputStream.java:150)
		at java.base/sun.security.ssl.SSLSocketOutputRecord.encodeAlert(SSLSocketOutputRecord.java:81)
		at java.base/sun.security.ssl.TransportContext.fatal(TransportContext.java:351)
		... 18 more
Caused by: java.net.SocketException: Connection reset
	at java.base/java.net.SocketInputStream.read(SocketInputStream.java:186)
	at java.base/java.net.SocketInputStream.read(SocketInputStream.java:140)
	at java.base/sun.security.ssl.SSLSocketInputRecord.read(SSLSocketInputRecord.java:448)
	at java.base/sun.security.ssl.SSLSocketInputRecord.bytesInCompletePacket(SSLSocketInputRecord.java:68)
	at java.base/sun.security.ssl.SSLSocketImpl.readApplicationRecord(SSLSocketImpl.java:1132)
	at java.base/sun.security.ssl.SSLSocketImpl$AppInputStream.read(SSLSocketImpl.java:828)
	... 14 more
ERROR 23:26:05,878 [Smack Packet Reader (0)] (XMPPConnectionService.java:386)  new connection state == ERROR
javax.net.ssl.SSLException: Connection reset
	at java.base/sun.security.ssl.Alert.createSSLException(Alert.java:127)
	at java.base/sun.security.ssl.TransportContext.fatal(TransportContext.java:320)
	at java.base/sun.security.ssl.TransportContext.fatal(TransportContext.java:263)
	at java.base/sun.security.ssl.TransportContext.fatal(TransportContext.java:258)
	at java.base/sun.security.ssl.SSLSocketImpl.handleException(SSLSocketImpl.java:1342)
	at java.base/sun.security.ssl.SSLSocketImpl$AppInputStream.read(SSLSocketImpl.java:844)
	at java.base/sun.nio.cs.StreamDecoder.readBytes(StreamDecoder.java:284)
	at java.base/sun.nio.cs.StreamDecoder.implRead(StreamDecoder.java:326)
	at java.base/sun.nio.cs.StreamDecoder.read(StreamDecoder.java:178)
	at java.base/java.io.InputStreamReader.read(InputStreamReader.java:185)
	at java.base/java.io.BufferedReader.fill(BufferedReader.java:161)
	at java.base/java.io.BufferedReader.read1(BufferedReader.java:212)
	at java.base/java.io.BufferedReader.read(BufferedReader.java:287)
	at org.xmlpull.mxp1.MXParser.fillBuf(MXParser.java:2992)
	at org.xmlpull.mxp1.MXParser.more(MXParser.java:3046)
	at org.xmlpull.mxp1.MXParser.nextImpl(MXParser.java:1144)
	at org.xmlpull.mxp1.MXParser.next(MXParser.java:1093)
	at org.jivesoftware.smack.PacketReader.parsePackets(PacketReader.java:312)
	at org.jivesoftware.smack.PacketReader.access$000(PacketReader.java:48)
	at org.jivesoftware.smack.PacketReader$1.run(PacketReader.java:76)
	Suppressed: java.net.SocketException: Connection reset by peer: socket write error
		at java.base/java.net.SocketOutputStream.socketWrite0(Native Method)
		at java.base/java.net.SocketOutputStream.socketWrite(SocketOutputStream.java:110)
		at java.base/java.net.SocketOutputStream.write(SocketOutputStream.java:150)
		at java.base/sun.security.ssl.SSLSocketOutputRecord.encodeAlert(SSLSocketOutputRecord.java:81)
		at java.base/sun.security.ssl.TransportContext.fatal(TransportContext.java:351)
		... 18 more
Caused by: java.net.SocketException: Connection reset
	at java.base/java.net.SocketInputStream.read(SocketInputStream.java:186)
	at java.base/java.net.SocketInputStream.read(SocketInputStream.java:140)
	at java.base/sun.security.ssl.SSLSocketInputRecord.read(SSLSocketInputRecord.java:448)
	at java.base/sun.security.ssl.SSLSocketInputRecord.bytesInCompletePacket(SSLSocketInputRecord.java:68)
	at java.base/sun.security.ssl.SSLSocketImpl.readApplicationRecord(SSLSocketImpl.java:1132)
	at java.base/sun.security.ssl.SSLSocketImpl$AppInputStream.read(SSLSocketImpl.java:828)
	... 14 more
